2019-12-16 18:32:19,196 INFO 60982 [Timer] /Users/jiayali/Desktop/qianhai/egg_server/node_modules/_egg-multipart@2.10.1@egg-multipart/app/schedule/clean_tmpdir.js next time will execute after 35860807ms at 2019-12-17 04:30:00.003
2019-12-16 18:32:19,196 INFO 60982 [Timer] /Users/jiayali/Desktop/qianhai/egg_server/node_modules/_egg-logrotator@3.1.0@egg-logrotator/app/schedule/clean_log.js next time will execute after 19660804ms at 2019-12-17 00:00:00.000
2019-12-16 18:32:19,196 INFO 60982 [Timer] /Users/jiayali/Desktop/qianhai/egg_server/node_modules/_egg-logrotator@3.1.0@egg-logrotator/app/schedule/rotate_by_file.js next time will execute after 19661804ms at 2019-12-17 00:00:01.000
2019-12-16 18:32:19,075 INFO 60984 [egg-schedule]: register schedule /Users/jiayali/Desktop/qianhai/egg_server/node_modules/_egg-multipart@2.10.1@egg-multipart/app/schedule/clean_tmpdir.js
2019-12-16 18:32:19,075 INFO 60984 [egg-schedule]: register schedule /Users/jiayali/Desktop/qianhai/egg_server/node_modules/_egg-logrotator@3.1.0@egg-logrotator/app/schedule/clean_log.js
2019-12-16 18:32:19,075 INFO 60984 [egg-schedule]: register schedule /Users/jiayali/Desktop/qianhai/egg_server/node_modules/_egg-logrotator@3.1.0@egg-logrotator/app/schedule/rotate_by_file.js
2019-12-16 18:34:08,628 INFO 61021 [egg-schedule]: register schedule /Users/jiayali/Desktop/qianhai/egg_server/node_modules/_egg-multipart@2.10.1@egg-multipart/app/schedule/clean_tmpdir.js
2019-12-16 18:34:08,628 INFO 61021 [egg-schedule]: register schedule /Users/jiayali/Desktop/qianhai/egg_server/node_modules/_egg-logrotator@3.1.0@egg-logrotator/app/schedule/clean_log.js
2019-12-16 18:34:08,628 INFO 61021 [egg-schedule]: register schedule /Users/jiayali/Desktop/qianhai/egg_server/node_modules/_egg-logrotator@3.1.0@egg-logrotator/app/schedule/rotate_by_file.js
2019-12-16 18:34:23,438 INFO 61025 [egg-schedule]: register schedule /Users/jiayali/Desktop/qianhai/egg_server/node_modules/_egg-multipart@2.10.1@egg-multipart/app/schedule/clean_tmpdir.js
2019-12-16 18:34:23,438 INFO 61025 [egg-schedule]: register schedule /Users/jiayali/Desktop/qianhai/egg_server/node_modules/_egg-logrotator@3.1.0@egg-logrotator/app/schedule/clean_log.js
2019-12-16 18:34:23,438 INFO 61025 [egg-schedule]: register schedule /Users/jiayali/Desktop/qianhai/egg_server/node_modules/_egg-logrotator@3.1.0@egg-logrotator/app/schedule/rotate_by_file.js
2019-12-16 18:50:03,951 INFO 61673 [Timer] /Users/jiayali/Desktop/qianhai/middle_server/node_modules/_egg-multipart@2.10.1@egg-multipart/app/schedule/clean_tmpdir.js next time will execute after 34796052ms at 2019-12-17 04:30:00.003
2019-12-16 18:50:03,952 INFO 61673 [Timer] /Users/jiayali/Desktop/qianhai/middle_server/node_modules/_egg-logrotator@3.1.0@egg-logrotator/app/schedule/clean_log.js next time will execute after 18596049ms at 2019-12-17 00:00:00.001
2019-12-16 18:50:03,952 INFO 61673 [Timer] /Users/jiayali/Desktop/qianhai/middle_server/node_modules/_egg-logrotator@3.1.0@egg-logrotator/app/schedule/rotate_by_file.js next time will execute after 18597048ms at 2019-12-17 00:00:01.000
2019-12-16 18:50:03,830 INFO 61675 [egg-schedule]: register schedule /Users/jiayali/Desktop/qianhai/middle_server/node_modules/_egg-multipart@2.10.1@egg-multipart/app/schedule/clean_tmpdir.js
2019-12-16 18:50:03,830 INFO 61675 [egg-schedule]: register schedule /Users/jiayali/Desktop/qianhai/middle_server/node_modules/_egg-logrotator@3.1.0@egg-logrotator/app/schedule/clean_log.js
2019-12-16 18:50:03,830 INFO 61675 [egg-schedule]: register schedule /Users/jiayali/Desktop/qianhai/middle_server/node_modules/_egg-logrotator@3.1.0@egg-logrotator/app/schedule/rotate_by_file.js
2019-12-16 19:40:50,138 INFO 62685 [Timer] /Users/jiayali/Desktop/qianhai/middle_server/node_modules/_egg-multipart@2.10.1@egg-multipart/app/schedule/clean_tmpdir.js next time will execute after 31749864ms at 2019-12-17 04:30:00.002
2019-12-16 19:40:50,139 INFO 62685 [Timer] /Users/jiayali/Desktop/qianhai/middle_server/node_modules/_egg-logrotator@3.1.0@egg-logrotator/app/schedule/clean_log.js next time will execute after 15549861ms at 2019-12-17 00:00:00.000
2019-12-16 19:40:50,139 INFO 62685 [Timer] /Users/jiayali/Desktop/qianhai/middle_server/node_modules/_egg-logrotator@3.1.0@egg-logrotator/app/schedule/rotate_by_file.js next time will execute after 15550861ms at 2019-12-17 00:00:01.000
2019-12-16 19:40:50,024 INFO 62689 [egg-schedule]: register schedule /Users/jiayali/Desktop/qianhai/middle_server/node_modules/_egg-multipart@2.10.1@egg-multipart/app/schedule/clean_tmpdir.js
2019-12-16 19:40:50,024 INFO 62689 [egg-schedule]: register schedule /Users/jiayali/Desktop/qianhai/middle_server/node_modules/_egg-logrotator@3.1.0@egg-logrotator/app/schedule/clean_log.js
2019-12-16 19:40:50,024 INFO 62689 [egg-schedule]: register schedule /Users/jiayali/Desktop/qianhai/middle_server/node_modules/_egg-logrotator@3.1.0@egg-logrotator/app/schedule/rotate_by_file.js
2019-12-16 19:45:38,809 INFO 63425 [Timer] /Users/jiayali/Desktop/qianhai/middle_server/node_modules/_egg-multipart@2.10.1@egg-multipart/app/schedule/clean_tmpdir.js next time will execute after 31461193ms at 2019-12-17 04:30:00.002
2019-12-16 19:45:38,809 INFO 63425 [Timer] /Users/jiayali/Desktop/qianhai/middle_server/node_modules/_egg-logrotator@3.1.0@egg-logrotator/app/schedule/clean_log.js next time will execute after 15261191ms at 2019-12-17 00:00:00.000
2019-12-16 19:45:38,809 INFO 63425 [Timer] /Users/jiayali/Desktop/qianhai/middle_server/node_modules/_egg-logrotator@3.1.0@egg-logrotator/app/schedule/rotate_by_file.js next time will execute after 15262191ms at 2019-12-17 00:00:01.000
2019-12-16 19:45:38,692 INFO 63426 [egg-schedule]: register schedule /Users/jiayali/Desktop/qianhai/middle_server/node_modules/_egg-multipart@2.10.1@egg-multipart/app/schedule/clean_tmpdir.js
2019-12-16 19:45:38,692 INFO 63426 [egg-schedule]: register schedule /Users/jiayali/Desktop/qianhai/middle_server/node_modules/_egg-logrotator@3.1.0@egg-logrotator/app/schedule/clean_log.js
2019-12-16 19:45:38,692 INFO 63426 [egg-schedule]: register schedule /Users/jiayali/Desktop/qianhai/middle_server/node_modules/_egg-logrotator@3.1.0@egg-logrotator/app/schedule/rotate_by_file.js
