2020-01-07 19:02 +08:00: dist directory has removed
2020-01-07 19:02 +08:00: dist directory has removed
2020-01-07 19:02 +08:00: ℹ ｢atl｣: Using typescript@3.7.4 from typescript
2020-01-07 19:02 +08:00: ℹ ｢atl｣: Using tsconfig.json from /Users/jiayali/Desktop/beifen/web/tsconfig.json
2020-01-07 19:02 +08:00: ℹ ｢atl｣: Using typescript@3.7.4 from typescript
2020-01-07 19:02 +08:00: ℹ ｢atl｣: Using tsconfig.json from /Users/jiayali/Desktop/beifen/web/tsconfig.json
2020-01-07 19:03 +08:00: ℹ ｢atl｣: Using typescript@3.7.4 from typescript
2020-01-07 19:03 +08:00: ℹ ｢atl｣: Using tsconfig.json from /Users/jiayali/Desktop/beifen/web/tsconfig.json
2020-01-07 19:03 +08:00: ℹ ｢atl｣: Using typescript@3.7.4 from typescript
2020-01-07 19:03 +08:00: ℹ ｢atl｣: Using tsconfig.json from /Users/jiayali/Desktop/beifen/web/tsconfig.json
2020-01-07 19:03 +08:00: server start at http://localhost:3000
2020-01-07 19:03 +08:00: [33m[nodemon] 1.19.3[39m
2020-01-07 19:03 +08:00: [33m[nodemon] to restart at any time, enter `rs`[39m
2020-01-07 19:03 +08:00: [33m[nodemon] watching dir(s): dist/**/*[39m
2020-01-07 19:03 +08:00: [33m[nodemon] watching extensions: js,mjs,json[39m
2020-01-07 19:03 +08:00: [32m[nodemon] starting `node ./dist/node/server.js`[39m
2020-01-07 19:03 +08:00: Web server listening at  http://localhost:8888
2020-01-07 19:39 +08:00: dist directory has removed
2020-01-07 19:39 +08:00: dist directory has removed
2020-01-07 19:39 +08:00: ℹ ｢atl｣: Using typescript@3.7.4 from typescript
2020-01-07 19:39 +08:00: ℹ ｢atl｣: Using tsconfig.json from /Users/jiayali/Desktop/beifen/web/tsconfig.json
2020-01-07 19:39 +08:00: ℹ ｢atl｣: Using typescript@3.7.4 from typescript
2020-01-07 19:39 +08:00: ℹ ｢atl｣: Using tsconfig.json from /Users/jiayali/Desktop/beifen/web/tsconfig.json
2020-01-07 19:40 +08:00: ℹ ｢atl｣: Using typescript@3.7.4 from typescript
2020-01-07 19:40 +08:00: ℹ ｢atl｣: Using tsconfig.json from /Users/jiayali/Desktop/beifen/web/tsconfig.json
2020-01-07 19:40 +08:00: ℹ ｢atl｣: Using typescript@3.7.4 from typescript
2020-01-07 19:40 +08:00: ℹ ｢atl｣: Using tsconfig.json from /Users/jiayali/Desktop/beifen/web/tsconfig.json
2020-01-07 19:40 +08:00: server start at http://localhost:3000
2020-01-07 19:40 +08:00: [33m[nodemon] 1.19.3[39m
2020-01-07 19:40 +08:00: [33m[nodemon] to restart at any time, enter `rs`[39m
2020-01-07 19:40 +08:00: [33m[nodemon] watching dir(s): dist/**/*[39m
2020-01-07 19:40 +08:00: [33m[nodemon] watching extensions: js,mjs,json[39m
2020-01-07 19:40 +08:00: [32m[nodemon] starting `node ./dist/node/server.js`[39m
2020-01-07 19:40 +08:00: Web server listening at  http://localhost:8888
